<?xml version="1.0" encoding="UTF-8"?>
<!-- Generated by org.testng.reporters.JUnitReportReporter -->
<testsuite hostname="LAPTOP-CED8IJSV" failures="0" tests="1" name="package_new.test_class" time="0.010" errors="0" timestamp="2023-08-05T13:56:34 IST" skipped="0">
  <testcase classname="package_new.test_class" name="testclass" time="0.010"/>
  <system-out/>
</testsuite> <!-- package_new.test_class -->
